[debug] [2023-05-10T18:23:38.432Z] ----------------------------------------------------------------------
[debug] [2023-05-10T18:23:38.435Z] Command:       /usr/local/bin/firebase /home/mls/.cache/firebase/tools/lib/node_modules/firebase-tools/lib/bin/firebase emulators:start --project=pocket-rpg
[debug] [2023-05-10T18:23:38.435Z] CLI Version:   12.0.0
[debug] [2023-05-10T18:23:38.435Z] Platform:      linux
[debug] [2023-05-10T18:23:38.436Z] Node Version:  v16.16.0
[debug] [2023-05-10T18:23:38.436Z] Time:          Wed May 10 2023 20:23:38 GMT+0200 (Central European Summer Time)
[debug] [2023-05-10T18:23:38.436Z] ----------------------------------------------------------------------
[debug] 
[debug] [2023-05-10T18:23:38.518Z] > command requires scopes: ["email","openid","https://www.googleapis.com/auth/cloudplatformprojects.readonly","https://www.googleapis.com/auth/firebase","https://www.googleapis.com/auth/cloud-platform"]
[debug] [2023-05-10T18:23:38.519Z] > authorizing via signed-in user (marcin.lesinski.87@gmail.com)
[debug] [2023-05-10T18:23:38.634Z] openjdk version "11.0.11" 2021-04-20
OpenJDK Runtime Environment AdoptOpenJDK-11.0.11+9 (build 11.0.11+9)
[debug] [2023-05-10T18:23:38.636Z] 
OpenJDK 64-Bit Server VM AdoptOpenJDK-11.0.11+9 (build 11.0.11+9, mixed mode)

[debug] [2023-05-10T18:23:38.656Z] Parsed Java major version: 11
[info] i  emulators: Starting emulators: auth, database, storage {"metadata":{"emulator":{"name":"hub"},"message":"Starting emulators: auth, database, storage"}}
[debug] [2023-05-10T18:23:38.671Z] [logging] Logging Emulator only supports listening on one address (127.0.0.1). Not listening on ::1
[debug] [2023-05-10T18:23:38.672Z] [auth] Authentication Emulator only supports listening on one address (127.0.0.1). Not listening on ::1
[debug] [2023-05-10T18:23:38.672Z] [database] Database Emulator only supports listening on one address (127.0.0.1). Not listening on ::1
[debug] [2023-05-10T18:23:38.672Z] [storage] Storage Emulator only supports listening on one address (127.0.0.1). Not listening on ::1
[debug] [2023-05-10T18:23:38.673Z] assigned listening specs for emulators {"user":{"hub":[{"address":"127.0.0.1","family":"IPv4","port":4400},{"address":"::1","family":"IPv6","port":4400}],"ui":[{"address":"127.0.0.1","family":"IPv4","port":4000},{"address":"::1","family":"IPv6","port":4000}],"logging":[{"address":"127.0.0.1","family":"IPv4","port":4500}],"auth":[{"address":"127.0.0.1","family":"IPv4","port":9099}],"database":[{"address":"127.0.0.1","family":"IPv4","port":9050}],"storage":[{"address":"127.0.0.1","family":"IPv4","port":9199}]},"metadata":{"message":"assigned listening specs for emulators"}}
[debug] [2023-05-10T18:23:38.685Z] [hub] writing locator at /tmp/hub-pocket-rpg.json
[debug] [2023-05-10T18:23:38.698Z] >>> [apiv2][query] GET https://firebase.googleapis.com/v1beta1/projects/pocket-rpg [none]
[debug] [2023-05-10T18:23:39.307Z] <<< [apiv2][status] GET https://firebase.googleapis.com/v1beta1/projects/pocket-rpg 403
[debug] [2023-05-10T18:23:39.307Z] <<< [apiv2][body] GET https://firebase.googleapis.com/v1beta1/projects/pocket-rpg {"error":{"code":403,"message":"The caller does not have permission","status":"PERMISSION_DENIED"}}
[debug] [2023-05-10T18:23:39.308Z] HTTP Error: 403, The caller does not have permission
[debug] [2023-05-10T18:23:39.308Z] Failed to retrieve default database instance: {"name":"FirebaseError","children":[],"exit":2,"message":"Failed to get Firebase project pocket-rpg. Please make sure the project exists and your account has permission to access it.","original":{"name":"FirebaseError","children":[],"context":{"body":{"error":{"code":403,"message":"The caller does not have permission","status":"PERMISSION_DENIED"}},"response":{"statusCode":403}},"exit":1,"message":"HTTP Error: 403, The caller does not have permission","status":403},"status":500} {"metadata":{"emulator":{"name":"database"},"message":"Failed to retrieve default database instance: {\"name\":\"FirebaseError\",\"children\":[],\"exit\":2,\"message\":\"Failed to get Firebase project pocket-rpg. Please make sure the project exists and your account has permission to access it.\",\"original\":{\"name\":\"FirebaseError\",\"children\":[],\"context\":{\"body\":{\"error\":{\"code\":403,\"message\":\"The caller does not have permission\",\"status\":\"PERMISSION_DENIED\"}},\"response\":{\"statusCode\":403}},\"exit\":1,\"message\":\"HTTP Error: 403, The caller does not have permission\",\"status\":403},\"status\":500}"}}
[debug] [2023-05-10T18:23:39.309Z] database rules config:  [{"instance":"pocket-rpg-default-rtdb","rules":"/home/mls/code/samples/android/pocketrpg/database.rules.json"}]
[debug] [2023-05-10T18:23:39.315Z] Ignoring unsupported arg: projectId {"metadata":{"emulator":{"name":"database"},"message":"Ignoring unsupported arg: projectId"}}
[debug] [2023-05-10T18:23:39.316Z] Ignoring unsupported arg: auto_download {"metadata":{"emulator":{"name":"database"},"message":"Ignoring unsupported arg: auto_download"}}
[debug] [2023-05-10T18:23:39.316Z] Ignoring unsupported arg: rules {"metadata":{"emulator":{"name":"database"},"message":"Ignoring unsupported arg: rules"}}
[debug] [2023-05-10T18:23:39.316Z] Starting Database Emulator with command {"binary":"java","args":["-Duser.language=en","-jar","/home/mls/.cache/firebase/emulators/firebase-database-emulator-v4.11.0.jar","--host","127.0.0.1","--port",9050,"--single_project_mode","Warning"],"optionalArgs":["port","host","functions_emulator_port","functions_emulator_host","single_project_mode"],"joinArgs":false} {"metadata":{"emulator":{"name":"database"},"message":"Starting Database Emulator with command {\"binary\":\"java\",\"args\":[\"-Duser.language=en\",\"-jar\",\"/home/mls/.cache/firebase/emulators/firebase-database-emulator-v4.11.0.jar\",\"--host\",\"127.0.0.1\",\"--port\",9050,\"--single_project_mode\",\"Warning\"],\"optionalArgs\":[\"port\",\"host\",\"functions_emulator_port\",\"functions_emulator_host\",\"single_project_mode\"],\"joinArgs\":false}"}}
[info] i  database: Database Emulator logging to database-debug.log {"metadata":{"emulator":{"name":"database"},"message":"Database Emulator logging to \u001b[1mdatabase-debug.log\u001b[22m"}}
[debug] [2023-05-10T18:23:40.239Z] WARNING: An illegal reflective access operation has occurred
WARNING: Illegal reflective access by io.netty.util.internal.ReflectionUtil (file:/home/mls/.cache/firebase/emulators/firebase-database-emulator-v4.11.0.jar) to field sun.nio.ch.SelectorImpl.selectedKeys
WARNING: Please consider reporting this to the maintainers of io.netty.util.internal.ReflectionUtil
WARNING: Use --illegal-access=warn to enable warnings of further illegal reflective access operations
WARNING: All illegal access operations will be denied in a future release
 {"metadata":{"emulator":{"name":"database"},"message":"WARNING: An illegal reflective access operation has occurred\nWARNING: Illegal reflective access by io.netty.util.internal.ReflectionUtil (file:/home/mls/.cache/firebase/emulators/firebase-database-emulator-v4.11.0.jar) to field sun.nio.ch.SelectorImpl.selectedKeys\nWARNING: Please consider reporting this to the maintainers of io.netty.util.internal.ReflectionUtil\nWARNING: Use --illegal-access=warn to enable warnings of further illegal reflective access operations\nWARNING: All illegal access operations will be denied in a future release\n"}}
[debug] [2023-05-10T18:23:41.100Z] 20:23:41.097 [NamespaceSystem-akka.actor.default-dispatcher-5] INFO akka.event.slf4j.Slf4jLogger - Slf4jLogger started
 {"metadata":{"emulator":{"name":"database"},"message":"20:23:41.097 [NamespaceSystem-akka.actor.default-dispatcher-5] INFO akka.event.slf4j.Slf4jLogger - Slf4jLogger started\n"}}
[debug] [2023-05-10T18:23:41.324Z] 20:23:41.324 [main] INFO com.firebase.server.forge.App$ - Listening at 127.0.0.1:9050
 {"metadata":{"emulator":{"name":"database"},"message":"20:23:41.324 [main] INFO com.firebase.server.forge.App$ - Listening at 127.0.0.1:9050\n"}}
[info] i  storage: downloading cloud-storage-rules-runtime-v1.1.3.jar... {"metadata":{"emulator":{"name":"storage"},"message":"downloading cloud-storage-rules-runtime-v1.1.3.jar..."}}
[debug] [2023-05-10T18:23:48.798Z] >>> [apiv2][query] GET https://storage.googleapis.com/firebase-preview-drop/emulator/cloud-storage-rules-runtime-v1.1.3.jar 
[debug] [2023-05-10T18:23:49.115Z] <<< [apiv2][status] GET https://storage.googleapis.com/firebase-preview-drop/emulator/cloud-storage-rules-runtime-v1.1.3.jar 200
[debug] [2023-05-10T18:23:49.115Z] <<< [apiv2][body] GET https://storage.googleapis.com/firebase-preview-drop/emulator/cloud-storage-rules-runtime-v1.1.3.jar [stream]
[debug] [2023-05-10T18:23:55.157Z] Ignoring unsupported arg: port {"metadata":{"emulator":{"name":"storage"},"message":"Ignoring unsupported arg: port"}}
[debug] [2023-05-10T18:23:56.383Z] Temp file directory for storage emulator: /tmp/firebase/storage/blobs {"metadata":{"emulator":{"name":"storage"},"message":"Temp file directory for storage emulator: /tmp/firebase/storage/blobs"}}
[info] i  ui: downloading ui-v1.11.6.zip... {"metadata":{"emulator":{"name":"ui"},"message":"downloading ui-v1.11.6.zip..."}}
[debug] [2023-05-10T18:23:56.399Z] >>> [apiv2][query] GET https://storage.googleapis.com/firebase-preview-drop/emulator/ui-v1.11.6.zip 
[debug] [2023-05-10T18:23:56.607Z] <<< [apiv2][status] GET https://storage.googleapis.com/firebase-preview-drop/emulator/ui-v1.11.6.zip 200
[debug] [2023-05-10T18:23:56.607Z] <<< [apiv2][body] GET https://storage.googleapis.com/firebase-preview-drop/emulator/ui-v1.11.6.zip [stream]
[debug] [2023-05-10T18:23:56.964Z] Data is 3063444
[debug] [2023-05-10T18:23:56.965Z] [unzip] Entry: client/ (compressed_size=0 bytes, uncompressed_size=0 bytes)
[debug] [2023-05-10T18:23:56.965Z] [unzip] Processing entry: client/
[debug] [2023-05-10T18:23:56.965Z] [unzip] mkdir: /home/mls/.cache/firebase/emulators/ui-v1.11.6/client/
[debug] [2023-05-10T18:23:56.966Z] [unzip] Entry: client/favicon.ico (compressed_size=2497 bytes, uncompressed_size=7406 bytes)
[debug] [2023-05-10T18:23:56.966Z] [unzip] Processing entry: client/favicon.ico
[debug] [2023-05-10T18:23:56.966Z] [unzip] else mkdir: /home/mls/.cache/firebase/emulators/ui-v1.11.6/client
[debug] [2023-05-10T18:23:56.966Z] [unzip] deflating: /home/mls/.cache/firebase/emulators/ui-v1.11.6/client/favicon.ico
[debug] [2023-05-10T18:23:56.973Z] [unzip] Entry: client/apple-touch-icon.png (compressed_size=7231 bytes, uncompressed_size=7367 bytes)
[debug] [2023-05-10T18:23:56.973Z] [unzip] Processing entry: client/apple-touch-icon.png
[debug] [2023-05-10T18:23:56.973Z] [unzip] else mkdir: /home/mls/.cache/firebase/emulators/ui-v1.11.6/client
[debug] [2023-05-10T18:23:56.974Z] [unzip] deflating: /home/mls/.cache/firebase/emulators/ui-v1.11.6/client/apple-touch-icon.png
[debug] [2023-05-10T18:23:56.975Z] [unzip] Entry: client/android-chrome-512x512.png (compressed_size=16987 bytes, uncompressed_size=18186 bytes)
[debug] [2023-05-10T18:23:56.975Z] [unzip] Processing entry: client/android-chrome-512x512.png
[debug] [2023-05-10T18:23:56.975Z] [unzip] else mkdir: /home/mls/.cache/firebase/emulators/ui-v1.11.6/client
[debug] [2023-05-10T18:23:56.976Z] [unzip] deflating: /home/mls/.cache/firebase/emulators/ui-v1.11.6/client/android-chrome-512x512.png
[debug] [2023-05-10T18:23:56.977Z] [unzip] Entry: client/assets/ (compressed_size=0 bytes, uncompressed_size=0 bytes)
[debug] [2023-05-10T18:23:56.978Z] [unzip] Processing entry: client/assets/
[debug] [2023-05-10T18:23:56.978Z] [unzip] mkdir: /home/mls/.cache/firebase/emulators/ui-v1.11.6/client/assets/
[debug] [2023-05-10T18:23:56.978Z] [unzip] Entry: client/assets/extensions/ (compressed_size=0 bytes, uncompressed_size=0 bytes)
[debug] [2023-05-10T18:23:56.978Z] [unzip] Processing entry: client/assets/extensions/
[debug] [2023-05-10T18:23:56.978Z] [unzip] mkdir: /home/mls/.cache/firebase/emulators/ui-v1.11.6/client/assets/extensions/
[debug] [2023-05-10T18:23:56.978Z] [unzip] Entry: client/assets/extensions/default-extension.png (compressed_size=1646 bytes, uncompressed_size=1657 bytes)
[debug] [2023-05-10T18:23:56.979Z] [unzip] Processing entry: client/assets/extensions/default-extension.png
[debug] [2023-05-10T18:23:56.979Z] [unzip] else mkdir: /home/mls/.cache/firebase/emulators/ui-v1.11.6/client/assets/extensions
[debug] [2023-05-10T18:23:56.979Z] [unzip] deflating: /home/mls/.cache/firebase/emulators/ui-v1.11.6/client/assets/extensions/default-extension.png
[debug] [2023-05-10T18:23:56.980Z] [unzip] Entry: client/assets/index.85584c3f.js (compressed_size=526096 bytes, uncompressed_size=1859818 bytes)
[debug] [2023-05-10T18:23:56.980Z] [unzip] Processing entry: client/assets/index.85584c3f.js
[debug] [2023-05-10T18:23:56.980Z] [unzip] else mkdir: /home/mls/.cache/firebase/emulators/ui-v1.11.6/client/assets
[debug] [2023-05-10T18:23:56.981Z] [unzip] deflating: /home/mls/.cache/firebase/emulators/ui-v1.11.6/client/assets/index.85584c3f.js
[debug] [2023-05-10T18:23:56.995Z] [unzip] Entry: client/assets/provider-icons/ (compressed_size=0 bytes, uncompressed_size=0 bytes)
[debug] [2023-05-10T18:23:56.996Z] [unzip] Processing entry: client/assets/provider-icons/
[debug] [2023-05-10T18:23:56.996Z] [unzip] mkdir: /home/mls/.cache/firebase/emulators/ui-v1.11.6/client/assets/provider-icons/
[debug] [2023-05-10T18:23:56.996Z] [unzip] Entry: client/assets/provider-icons/auth_service_oidc.svg (compressed_size=414 bytes, uncompressed_size=858 bytes)
[debug] [2023-05-10T18:23:56.996Z] [unzip] Processing entry: client/assets/provider-icons/auth_service_oidc.svg
[debug] [2023-05-10T18:23:56.996Z] [unzip] else mkdir: /home/mls/.cache/firebase/emulators/ui-v1.11.6/client/assets/provider-icons
[debug] [2023-05-10T18:23:56.996Z] [unzip] deflating: /home/mls/.cache/firebase/emulators/ui-v1.11.6/client/assets/provider-icons/auth_service_oidc.svg
[debug] [2023-05-10T18:23:56.999Z] [unzip] Entry: client/assets/provider-icons/auth_service_yahoo.svg (compressed_size=577 bytes, uncompressed_size=1182 bytes)
[debug] [2023-05-10T18:23:56.999Z] [unzip] Processing entry: client/assets/provider-icons/auth_service_yahoo.svg
[debug] [2023-05-10T18:23:56.999Z] [unzip] else mkdir: /home/mls/.cache/firebase/emulators/ui-v1.11.6/client/assets/provider-icons
[debug] [2023-05-10T18:23:57.000Z] [unzip] deflating: /home/mls/.cache/firebase/emulators/ui-v1.11.6/client/assets/provider-icons/auth_service_yahoo.svg
[debug] [2023-05-10T18:23:57.002Z] [unzip] Entry: client/assets/provider-icons/auth_service_phone.svg (compressed_size=261 bytes, uncompressed_size=414 bytes)
[debug] [2023-05-10T18:23:57.002Z] [unzip] Processing entry: client/assets/provider-icons/auth_service_phone.svg
[debug] [2023-05-10T18:23:57.002Z] [unzip] else mkdir: /home/mls/.cache/firebase/emulators/ui-v1.11.6/client/assets/provider-icons
[debug] [2023-05-10T18:23:57.003Z] [unzip] deflating: /home/mls/.cache/firebase/emulators/ui-v1.11.6/client/assets/provider-icons/auth_service_phone.svg
[debug] [2023-05-10T18:23:57.005Z] [unzip] Entry: client/assets/provider-icons/auth_service_saml.svg (compressed_size=575 bytes, uncompressed_size=1226 bytes)
[debug] [2023-05-10T18:23:57.005Z] [unzip] Processing entry: client/assets/provider-icons/auth_service_saml.svg
[debug] [2023-05-10T18:23:57.006Z] [unzip] else mkdir: /home/mls/.cache/firebase/emulators/ui-v1.11.6/client/assets/provider-icons
[debug] [2023-05-10T18:23:57.006Z] [unzip] deflating: /home/mls/.cache/firebase/emulators/ui-v1.11.6/client/assets/provider-icons/auth_service_saml.svg
[debug] [2023-05-10T18:23:57.009Z] [unzip] Entry: client/assets/provider-icons/auth_service_mslive.svg (compressed_size=203 bytes, uncompressed_size=378 bytes)
[debug] [2023-05-10T18:23:57.009Z] [unzip] Processing entry: client/assets/provider-icons/auth_service_mslive.svg
[debug] [2023-05-10T18:23:57.009Z] [unzip] else mkdir: /home/mls/.cache/firebase/emulators/ui-v1.11.6/client/assets/provider-icons
[debug] [2023-05-10T18:23:57.010Z] [unzip] deflating: /home/mls/.cache/firebase/emulators/ui-v1.11.6/client/assets/provider-icons/auth_service_mslive.svg
[debug] [2023-05-10T18:23:57.012Z] [unzip] Entry: client/assets/provider-icons/auth_service_facebook.svg (compressed_size=289 bytes, uncompressed_size=457 bytes)
[debug] [2023-05-10T18:23:57.013Z] [unzip] Processing entry: client/assets/provider-icons/auth_service_facebook.svg
[debug] [2023-05-10T18:23:57.013Z] [unzip] else mkdir: /home/mls/.cache/firebase/emulators/ui-v1.11.6/client/assets/provider-icons
[debug] [2023-05-10T18:23:57.014Z] [unzip] deflating: /home/mls/.cache/firebase/emulators/ui-v1.11.6/client/assets/provider-icons/auth_service_facebook.svg
[debug] [2023-05-10T18:23:57.015Z] [unzip] Entry: client/assets/provider-icons/auth_service_play_games.svg (compressed_size=565 bytes, uncompressed_size=1173 bytes)
[debug] [2023-05-10T18:23:57.015Z] [unzip] Processing entry: client/assets/provider-icons/auth_service_play_games.svg
[debug] [2023-05-10T18:23:57.015Z] [unzip] else mkdir: /home/mls/.cache/firebase/emulators/ui-v1.11.6/client/assets/provider-icons
[debug] [2023-05-10T18:23:57.016Z] [unzip] deflating: /home/mls/.cache/firebase/emulators/ui-v1.11.6/client/assets/provider-icons/auth_service_play_games.svg
[debug] [2023-05-10T18:23:57.018Z] [unzip] Entry: client/assets/provider-icons/auth_service_github.svg (compressed_size=466 bytes, uncompressed_size=838 bytes)
[debug] [2023-05-10T18:23:57.018Z] [unzip] Processing entry: client/assets/provider-icons/auth_service_github.svg
[debug] [2023-05-10T18:23:57.018Z] [unzip] else mkdir: /home/mls/.cache/firebase/emulators/ui-v1.11.6/client/assets/provider-icons
[debug] [2023-05-10T18:23:57.018Z] [unzip] deflating: /home/mls/.cache/firebase/emulators/ui-v1.11.6/client/assets/provider-icons/auth_service_github.svg
[debug] [2023-05-10T18:23:57.020Z] [unzip] Entry: client/assets/provider-icons/auth_service_apple.svg (compressed_size=230 bytes, uncompressed_size=334 bytes)
[debug] [2023-05-10T18:23:57.020Z] [unzip] Processing entry: client/assets/provider-icons/auth_service_apple.svg
[debug] [2023-05-10T18:23:57.020Z] [unzip] else mkdir: /home/mls/.cache/firebase/emulators/ui-v1.11.6/client/assets/provider-icons
[debug] [2023-05-10T18:23:57.020Z] [unzip] deflating: /home/mls/.cache/firebase/emulators/ui-v1.11.6/client/assets/provider-icons/auth_service_apple.svg
[debug] [2023-05-10T18:23:57.021Z] [unzip] Entry: client/assets/provider-icons/auth_service_google.svg (compressed_size=409 bytes, uncompressed_size=720 bytes)
[debug] [2023-05-10T18:23:57.022Z] [unzip] Processing entry: client/assets/provider-icons/auth_service_google.svg
[debug] [2023-05-10T18:23:57.022Z] [unzip] else mkdir: /home/mls/.cache/firebase/emulators/ui-v1.11.6/client/assets/provider-icons
[debug] [2023-05-10T18:23:57.022Z] [unzip] deflating: /home/mls/.cache/firebase/emulators/ui-v1.11.6/client/assets/provider-icons/auth_service_google.svg
[debug] [2023-05-10T18:23:57.023Z] [unzip] Entry: client/assets/provider-icons/auth_service_email.svg (compressed_size=228 bytes, uncompressed_size=326 bytes)
[debug] [2023-05-10T18:23:57.023Z] [unzip] Processing entry: client/assets/provider-icons/auth_service_email.svg
[debug] [2023-05-10T18:23:57.023Z] [unzip] else mkdir: /home/mls/.cache/firebase/emulators/ui-v1.11.6/client/assets/provider-icons
[debug] [2023-05-10T18:23:57.024Z] [unzip] deflating: /home/mls/.cache/firebase/emulators/ui-v1.11.6/client/assets/provider-icons/auth_service_email.svg
[debug] [2023-05-10T18:23:57.025Z] [unzip] Entry: client/assets/provider-icons/auth_service_twitter.svg (compressed_size=444 bytes, uncompressed_size=751 bytes)
[debug] [2023-05-10T18:23:57.025Z] [unzip] Processing entry: client/assets/provider-icons/auth_service_twitter.svg
[debug] [2023-05-10T18:23:57.025Z] [unzip] else mkdir: /home/mls/.cache/firebase/emulators/ui-v1.11.6/client/assets/provider-icons
[debug] [2023-05-10T18:23:57.026Z] [unzip] deflating: /home/mls/.cache/firebase/emulators/ui-v1.11.6/client/assets/provider-icons/auth_service_twitter.svg
[debug] [2023-05-10T18:23:57.027Z] [unzip] Entry: client/assets/provider-icons/auth_service_game_center.svg (compressed_size=991 bytes, uncompressed_size=3921 bytes)
[debug] [2023-05-10T18:23:57.027Z] [unzip] Processing entry: client/assets/provider-icons/auth_service_game_center.svg
[debug] [2023-05-10T18:23:57.027Z] [unzip] else mkdir: /home/mls/.cache/firebase/emulators/ui-v1.11.6/client/assets/provider-icons
[debug] [2023-05-10T18:23:57.027Z] [unzip] deflating: /home/mls/.cache/firebase/emulators/ui-v1.11.6/client/assets/provider-icons/auth_service_game_center.svg
[debug] [2023-05-10T18:23:57.037Z] [unzip] Entry: client/assets/img/ (compressed_size=0 bytes, uncompressed_size=0 bytes)
[debug] [2023-05-10T18:23:57.038Z] [unzip] Processing entry: client/assets/img/
[debug] [2023-05-10T18:23:57.038Z] [unzip] mkdir: /home/mls/.cache/firebase/emulators/ui-v1.11.6/client/assets/img/
[debug] [2023-05-10T18:23:57.038Z] [unzip] Entry: client/assets/img/database.png (compressed_size=29449 bytes, uncompressed_size=29988 bytes)
[debug] [2023-05-10T18:23:57.038Z] [unzip] Processing entry: client/assets/img/database.png
[debug] [2023-05-10T18:23:57.038Z] [unzip] else mkdir: /home/mls/.cache/firebase/emulators/ui-v1.11.6/client/assets/img
[debug] [2023-05-10T18:23:57.038Z] [unzip] deflating: /home/mls/.cache/firebase/emulators/ui-v1.11.6/client/assets/img/database.png
[debug] [2023-05-10T18:23:57.039Z] [unzip] Entry: client/assets/index.b9383ce5.css (compressed_size=37605 bytes, uncompressed_size=321268 bytes)
[debug] [2023-05-10T18:23:57.040Z] [unzip] Processing entry: client/assets/index.b9383ce5.css
[debug] [2023-05-10T18:23:57.040Z] [unzip] else mkdir: /home/mls/.cache/firebase/emulators/ui-v1.11.6/client/assets
[debug] [2023-05-10T18:23:57.040Z] [unzip] deflating: /home/mls/.cache/firebase/emulators/ui-v1.11.6/client/assets/index.b9383ce5.css
[debug] [2023-05-10T18:23:57.042Z] [unzip] Entry: client/assets/index.85584c3f.js.map (compressed_size=1778028 bytes, uncompressed_size=7960238 bytes)
[debug] [2023-05-10T18:23:57.042Z] [unzip] Processing entry: client/assets/index.85584c3f.js.map
[debug] [2023-05-10T18:23:57.042Z] [unzip] else mkdir: /home/mls/.cache/firebase/emulators/ui-v1.11.6/client/assets
[debug] [2023-05-10T18:23:57.042Z] [unzip] deflating: /home/mls/.cache/firebase/emulators/ui-v1.11.6/client/assets/index.85584c3f.js.map
[debug] [2023-05-10T18:23:57.080Z] [unzip] Entry: client/safari-pinned-tab.svg (compressed_size=838 bytes, uncompressed_size=1504 bytes)
[debug] [2023-05-10T18:23:57.080Z] [unzip] Processing entry: client/safari-pinned-tab.svg
[debug] [2023-05-10T18:23:57.080Z] [unzip] else mkdir: /home/mls/.cache/firebase/emulators/ui-v1.11.6/client
[debug] [2023-05-10T18:23:57.080Z] [unzip] deflating: /home/mls/.cache/firebase/emulators/ui-v1.11.6/client/safari-pinned-tab.svg
[debug] [2023-05-10T18:23:57.081Z] [unzip] Entry: client/mstile-150x150.png (compressed_size=5406 bytes, uncompressed_size=5723 bytes)
[debug] [2023-05-10T18:23:57.081Z] [unzip] Processing entry: client/mstile-150x150.png
[debug] [2023-05-10T18:23:57.081Z] [unzip] else mkdir: /home/mls/.cache/firebase/emulators/ui-v1.11.6/client
[debug] [2023-05-10T18:23:57.082Z] [unzip] deflating: /home/mls/.cache/firebase/emulators/ui-v1.11.6/client/mstile-150x150.png
[debug] [2023-05-10T18:23:57.082Z] [unzip] Entry: client/browserconfig.xml (compressed_size=491 bytes, uncompressed_size=822 bytes)
[debug] [2023-05-10T18:23:57.083Z] [unzip] Processing entry: client/browserconfig.xml
[debug] [2023-05-10T18:23:57.083Z] [unzip] else mkdir: /home/mls/.cache/firebase/emulators/ui-v1.11.6/client
[debug] [2023-05-10T18:23:57.083Z] [unzip] deflating: /home/mls/.cache/firebase/emulators/ui-v1.11.6/client/browserconfig.xml
[debug] [2023-05-10T18:23:57.084Z] [unzip] Entry: client/robots.txt (compressed_size=26 bytes, uncompressed_size=26 bytes)
[debug] [2023-05-10T18:23:57.084Z] [unzip] Processing entry: client/robots.txt
[debug] [2023-05-10T18:23:57.084Z] [unzip] else mkdir: /home/mls/.cache/firebase/emulators/ui-v1.11.6/client
[debug] [2023-05-10T18:23:57.084Z] [unzip] Writing file: /home/mls/.cache/firebase/emulators/ui-v1.11.6/client/robots.txt
[debug] [2023-05-10T18:23:57.085Z] [unzip] Entry: client/index.html (compressed_size=1363 bytes, uncompressed_size=3064 bytes)
[debug] [2023-05-10T18:23:57.085Z] [unzip] Processing entry: client/index.html
[debug] [2023-05-10T18:23:57.085Z] [unzip] else mkdir: /home/mls/.cache/firebase/emulators/ui-v1.11.6/client
[debug] [2023-05-10T18:23:57.085Z] [unzip] deflating: /home/mls/.cache/firebase/emulators/ui-v1.11.6/client/index.html
[debug] [2023-05-10T18:23:57.086Z] [unzip] Entry: client/favicon-16x16.png (compressed_size=757 bytes, uncompressed_size=777 bytes)
[debug] [2023-05-10T18:23:57.086Z] [unzip] Processing entry: client/favicon-16x16.png
[debug] [2023-05-10T18:23:57.086Z] [unzip] else mkdir: /home/mls/.cache/firebase/emulators/ui-v1.11.6/client
[debug] [2023-05-10T18:23:57.086Z] [unzip] deflating: /home/mls/.cache/firebase/emulators/ui-v1.11.6/client/favicon-16x16.png
[debug] [2023-05-10T18:23:57.087Z] [unzip] Entry: client/manifest.json (compressed_size=246 bytes, uncompressed_size=551 bytes)
[debug] [2023-05-10T18:23:57.087Z] [unzip] Processing entry: client/manifest.json
[debug] [2023-05-10T18:23:57.087Z] [unzip] else mkdir: /home/mls/.cache/firebase/emulators/ui-v1.11.6/client
[debug] [2023-05-10T18:23:57.087Z] [unzip] deflating: /home/mls/.cache/firebase/emulators/ui-v1.11.6/client/manifest.json
[debug] [2023-05-10T18:23:57.088Z] [unzip] Entry: client/favicon-32x32.png (compressed_size=1175 bytes, uncompressed_size=1175 bytes)
[debug] [2023-05-10T18:23:57.088Z] [unzip] Processing entry: client/favicon-32x32.png
[debug] [2023-05-10T18:23:57.088Z] [unzip] else mkdir: /home/mls/.cache/firebase/emulators/ui-v1.11.6/client
[debug] [2023-05-10T18:23:57.088Z] [unzip] Writing file: /home/mls/.cache/firebase/emulators/ui-v1.11.6/client/favicon-32x32.png
[debug] [2023-05-10T18:23:57.088Z] [unzip] Entry: client/android-chrome-192x192.png (compressed_size=7602 bytes, uncompressed_size=7834 bytes)
[debug] [2023-05-10T18:23:57.088Z] [unzip] Processing entry: client/android-chrome-192x192.png
[debug] [2023-05-10T18:23:57.089Z] [unzip] else mkdir: /home/mls/.cache/firebase/emulators/ui-v1.11.6/client
[debug] [2023-05-10T18:23:57.089Z] [unzip] deflating: /home/mls/.cache/firebase/emulators/ui-v1.11.6/client/android-chrome-192x192.png
[debug] [2023-05-10T18:23:57.089Z] [unzip] Entry: server/ (compressed_size=0 bytes, uncompressed_size=0 bytes)
[debug] [2023-05-10T18:23:57.089Z] [unzip] Processing entry: server/
[debug] [2023-05-10T18:23:57.089Z] [unzip] mkdir: /home/mls/.cache/firebase/emulators/ui-v1.11.6/server/
[debug] [2023-05-10T18:23:57.089Z] [unzip] Entry: server/server.js (compressed_size=343746 bytes, uncompressed_size=1346374 bytes)
[debug] [2023-05-10T18:23:57.090Z] [unzip] Processing entry: server/server.js
[debug] [2023-05-10T18:23:57.090Z] [unzip] else mkdir: /home/mls/.cache/firebase/emulators/ui-v1.11.6/server
[debug] [2023-05-10T18:23:57.090Z] [unzip] deflating: /home/mls/.cache/firebase/emulators/ui-v1.11.6/server/server.js
[debug] [2023-05-10T18:23:57.099Z] [unzip] Entry: server/server.js.map (compressed_size=289157 bytes, uncompressed_size=1325651 bytes)
[debug] [2023-05-10T18:23:57.099Z] [unzip] Processing entry: server/server.js.map
[debug] [2023-05-10T18:23:57.099Z] [unzip] else mkdir: /home/mls/.cache/firebase/emulators/ui-v1.11.6/server
[debug] [2023-05-10T18:23:57.099Z] [unzip] deflating: /home/mls/.cache/firebase/emulators/ui-v1.11.6/server/server.js.map
[debug] [2023-05-10T18:23:57.108Z] Ignoring unsupported arg: auto_download {"metadata":{"emulator":{"name":"ui"},"message":"Ignoring unsupported arg: auto_download"}}
[debug] [2023-05-10T18:23:57.109Z] Ignoring unsupported arg: port {"metadata":{"emulator":{"name":"ui"},"message":"Ignoring unsupported arg: port"}}
[debug] [2023-05-10T18:23:57.109Z] Starting Emulator UI with command {"binary":"node","args":["/home/mls/.cache/firebase/emulators/ui-v1.11.6/server/server.js"],"optionalArgs":[],"joinArgs":false} {"metadata":{"emulator":{"name":"ui"},"message":"Starting Emulator UI with command {\"binary\":\"node\",\"args\":[\"/home/mls/.cache/firebase/emulators/ui-v1.11.6/server/server.js\"],\"optionalArgs\":[],\"joinArgs\":false}"}}
[info] i  ui: Emulator UI logging to ui-debug.log {"metadata":{"emulator":{"name":"ui"},"message":"Emulator UI logging to \u001b[1mui-debug.log\u001b[22m"}}
[debug] [2023-05-10T18:23:57.347Z] Web / API server started at 127.0.0.1:4000
 {"metadata":{"emulator":{"name":"ui"},"message":"Web / API server started at 127.0.0.1:4000\n"}}
[debug] [2023-05-10T18:23:57.347Z] Web / API server started at ::1:4000
 {"metadata":{"emulator":{"name":"ui"},"message":"Web / API server started at ::1:4000\n"}}
[debug] [2023-05-10T18:23:57.375Z] >>> [apiv2][query] PUT http://127.0.0.1:9050/.settings/rules.json ns=pocket-rpg-default-rtdb
[debug] [2023-05-10T18:23:57.375Z] >>> [apiv2][body] PUT http://127.0.0.1:9050/.settings/rules.json "{\n  \"rules\": {\n    \"messages\": {\n      \".read\": \"auth.uid != null\",\n      \".write\": \"auth.uid != null\"\n    }\n  }\n}"
[debug] [2023-05-10T18:23:57.804Z] 20:23:57.803 [NamespaceSystem-akka.actor.default-dispatcher-5] INFO com.firebase.core.namespace.NamespaceActor - pocket-rpg-default-rtdb successfully activated FBKV (SurveyIdle(0)) wait: 183ms, init: 0ms
 {"metadata":{"emulator":{"name":"database"},"message":"20:23:57.803 [NamespaceSystem-akka.actor.default-dispatcher-5] INFO com.firebase.core.namespace.NamespaceActor - pocket-rpg-default-rtdb successfully activated FBKV (SurveyIdle(0)) wait: 183ms, init: 0ms\n"}}
[debug] [2023-05-10T18:23:57.950Z] 20:23:57.950 [NamespaceSystem-blocking-namespace-operation-dispatcher-7] INFO com.firebase.core.namespace.StateManager - Namespace pocket-rpg-default-rtdb status Active to Active
 {"metadata":{"emulator":{"name":"database"},"message":"20:23:57.950 [NamespaceSystem-blocking-namespace-operation-dispatcher-7] INFO com.firebase.core.namespace.StateManager - Namespace pocket-rpg-default-rtdb status Active to Active\n"}}
[debug] [2023-05-10T18:23:58.009Z] <<< [apiv2][status] PUT http://127.0.0.1:9050/.settings/rules.json 200
[debug] [2023-05-10T18:23:58.009Z] <<< [apiv2][body] PUT http://127.0.0.1:9050/.settings/rules.json {"status":"ok"}
[info] 
┌─────────────────────────────────────────────────────────────┐
│ ✔  All emulators ready! It is now safe to connect your app. │
│ i  View Emulator UI at http://127.0.0.1:4000/               │
└─────────────────────────────────────────────────────────────┘

┌────────────────┬────────────────┬────────────────────────────────┐
│ Emulator       │ Host:Port      │ View in Emulator UI            │
├────────────────┼────────────────┼────────────────────────────────┤
│ Authentication │ 127.0.0.1:9099 │ http://127.0.0.1:4000/auth     │
├────────────────┼────────────────┼────────────────────────────────┤
│ Database       │ 127.0.0.1:9050 │ http://127.0.0.1:4000/database │
├────────────────┼────────────────┼────────────────────────────────┤
│ Storage        │ 127.0.0.1:9199 │ http://127.0.0.1:4000/storage  │
└────────────────┴────────────────┴────────────────────────────────┘
  Emulator Hub running at 127.0.0.1:4400
  Other reserved ports: 4500

Issues? Report them at https://github.com/firebase/firebase-tools/issues and attach the *-debug.log files.
 
[debug] [2023-05-10T22:41:59.101Z] > refreshing access token with scopes: []
[debug] [2023-05-10T22:41:59.104Z] >>> [apiv2][query] POST https://www.googleapis.com/oauth2/v3/token [none]
[debug] [2023-05-10T22:41:59.105Z] >>> [apiv2][body] POST https://www.googleapis.com/oauth2/v3/token [omitted]
[debug] [2023-05-10T22:41:59.242Z] <<< [apiv2][status] POST https://www.googleapis.com/oauth2/v3/token 200
[debug] [2023-05-10T22:41:59.242Z] <<< [apiv2][body] POST https://www.googleapis.com/oauth2/v3/token [omitted]
[debug] [2023-05-10T22:41:59.262Z] >>> [apiv2][query] GET https://firebase.googleapis.com/v1beta1/projects/pocket-rpg/adminSdkConfig [none]
[debug] [2023-05-10T22:41:59.672Z] <<< [apiv2][status] GET https://firebase.googleapis.com/v1beta1/projects/pocket-rpg/adminSdkConfig 403
[debug] [2023-05-10T22:41:59.672Z] <<< [apiv2][body] GET https://firebase.googleapis.com/v1beta1/projects/pocket-rpg/adminSdkConfig {"error":{"code":403,"message":"The caller does not have permission","status":"PERMISSION_DENIED"}}
[debug] [2023-05-10T22:41:59.673Z] Failed to get Admin SDK config for pocket-rpg, falling back to cache Failed to get Admin SDK for Firebase project pocket-rpg. Please make sure the project exists and your account has permission to access it. {"name":"FirebaseError","children":[],"exit":2,"message":"Failed to get Admin SDK for Firebase project pocket-rpg. Please make sure the project exists and your account has permission to access it.","original":{"name":"FirebaseError","children":[],"context":{"body":{"error":{"code":403,"message":"The caller does not have permission","status":"PERMISSION_DENIED"}},"response":{"statusCode":403}},"exit":1,"message":"HTTP Error: 403, The caller does not have permission","status":403},"status":500}
[debug] [2023-05-10T22:43:58.337Z] 00:43:58.337 [FirebaseWorkerPool-1-3] WARN com.firebase.core.persistence.backend.dummy.EmulatorMetadataPersistence - Multiple projectIds are not recommended in single project mode. Requested 
namespace pocket-rpg, but the emulator is configured for pocket-rpg-default-rtdb. To 
opt-out of single project mode add/set the single_project_mode: false property in 
the firebase.json emulators config. 
 {"metadata":{"emulator":{"name":"database"},"message":"00:43:58.337 [FirebaseWorkerPool-1-3] WARN com.firebase.core.persistence.backend.dummy.EmulatorMetadataPersistence - Multiple projectIds are not recommended in single project mode. Requested \nnamespace pocket-rpg, but the emulator is configured for pocket-rpg-default-rtdb. To \nopt-out of single project mode add/set the single_project_mode: false property in \nthe firebase.json emulators config. \n"}}
[debug] [2023-05-10T22:43:58.347Z] 00:43:58.347 [NamespaceSystem-akka.actor.default-dispatcher-10] INFO com.firebase.core.namespace.NamespaceActor - pocket-rpg successfully activated FBKV (SurveyIdle(0)) wait: 5ms, init: 0ms
 {"metadata":{"emulator":{"name":"database"},"message":"00:43:58.347 [NamespaceSystem-akka.actor.default-dispatcher-10] INFO com.firebase.core.namespace.NamespaceActor - pocket-rpg successfully activated FBKV (SurveyIdle(0)) wait: 5ms, init: 0ms\n"}}
